array (
  'uniacid' => '1',
  'totalmoney' => '45.00',
  'openid' => '111111a',
  'ordertype' => '1',
  'idoforder' => '175',
  'userid' => '1',
  'groupid' => '0',
  'status' => '1',
  'buynum' => '1',
  'gid' => '170',
  'groupnum' => '10',
  'usercredit' => '5',
  'groupendtime' => '24.00',
  'title' => '泰国红心柚1只装 单果重900g-1200g',
  'goodinfo' => 
  array (
    0 => 
    array (
      'uniacid' => '1',
      'totalmoney' => '45.00',
      'openid' => '111111a',
      'ordertype' => '1',
      'idoforder' => '175',
      'userid' => '1',
      'groupid' => '0',
      'status' => '1',
      'buynum' => '1',
      'gid' => '170',
      'groupnum' => '10',
      'usercredit' => '5',
      'groupendtime' => '24.00',
      'title' => '泰国红心柚1只装 单果重900g-1200g',
    ),
  ),
)
array (
  'id' => '175',
  'groupid' => '0',
  'ordertype' => '1',
  'uniacid' => '1',
)
